<?xml version="1.0" encoding="UTF-8"?>
<testng-results ignored="0" total="2" passed="2" failed="0" skipped="0">
  <reporter-output>
  </reporter-output>
  <suite started-at="2023-07-21T11:42:00 IST" name="Default suite" finished-at="2023-07-21T11:42:13 IST" duration-ms="12950">
    <groups>
    </groups>
    <test started-at="2023-07-21T11:42:00 IST" name="Default test" finished-at="2023-07-21T11:42:13 IST" duration-ms="12950">
      <class name="com.sample.javaownerlibrary.TestSingleOwnerInstance">
        <test-method is-config="true" signature="setup()[pri:0, instance:com.sample.javaownerlibrary.TestSingleOwnerInstance@79079097]" started-at="2023-07-21T11:42:00 IST" name="setup" finished-at="2023-07-21T11:42:09 IST" duration-ms="8220" status="PASS">
          <reporter-output>
          </reporter-output>
        </test-method> <!-- setup -->
        <test-method signature="login()[pri:0, instance:com.sample.javaownerlibrary.TestSingleOwnerInstance@79079097]" started-at="2023-07-21T11:42:09 IST" name="login" finished-at="2023-07-21T11:42:11 IST" duration-ms="2650" status="PASS">
          <reporter-output>
          </reporter-output>
        </test-method> <!-- login -->
        <test-method is-config="true" signature="setup()[pri:0, instance:com.sample.javaownerlibrary.TestSingleOwnerInstance@79079097]" started-at="2023-07-21T11:42:11 IST" name="setup" finished-at="2023-07-21T11:42:12 IST" duration-ms="954" status="PASS">
          <reporter-output>
          </reporter-output>
        </test-method> <!-- setup -->
        <test-method signature="setup()[pri:0, instance:com.sample.javaownerlibrary.TestSingleOwnerInstance@79079097]" started-at="2023-07-21T11:42:12 IST" name="setup" finished-at="2023-07-21T11:42:13 IST" duration-ms="1073" status="PASS">
          <reporter-output>
          </reporter-output>
        </test-method> <!-- setup -->
      </class> <!-- com.sample.javaownerlibrary.TestSingleOwnerInstance -->
    </test> <!-- Default test -->
  </suite> <!-- Default suite -->
</testng-results>
